2017-08-21 10:15:10.022  INFO 5864 --- [restartedMain] com.xmy.InventorSystemApplication        : Starting InventorSystemApplication on xmy-PC with PID 5864 (D:\MavenProject\InventorSystem\target\classes started by xmy in D:\MavenProject\InventorSystem)
2017-08-21 10:15:10.023 DEBUG 5864 --- [restartedMain] com.xmy.InventorSystemApplication        : Running with Spring Boot v1.5.6.RELEASE, Spring v4.3.10.RELEASE
2017-08-21 10:15:10.023  INFO 5864 --- [restartedMain] com.xmy.InventorSystemApplication        : No active profile set, falling back to default profiles: default
2017-08-21 10:15:10.309  INFO 5864 --- [restartedMain] ationConfigEmbeddedWebApplicationContext : Refreshing org.springframework.boot.context.embedded.AnnotationConfigEmbeddedWebApplicationContext@1f9a202b: startup date [Mon Aug 21 10:15:10 CST 2017]; root of context hierarchy
2017-08-21 10:15:11.068  WARN 5864 --- [restartedMain] o.m.s.mapper.ClassPathMapperScanner      : No MyBatis mapper was found in '[com.xmy]' package. Please check your configuration.
2017-08-21 10:15:11.102  INFO 5864 --- [restartedMain] .s.d.r.c.RepositoryConfigurationDelegate : Multiple Spring Data modules found, entering strict repository configuration mode!
2017-08-21 10:15:12.053  INFO 5864 --- [restartedMain] s.b.c.e.t.TomcatEmbeddedServletContainer : Tomcat initialized with port(s): 8082 (http)
2017-08-21 10:15:12.063  INFO 5864 --- [restartedMain] o.apache.catalina.core.StandardService   : Starting service [Tomcat]
2017-08-21 10:15:12.064  INFO 5864 --- [restartedMain] org.apache.catalina.core.StandardEngine  : Starting Servlet Engine: Apache Tomcat/8.5.16
2017-08-21 10:15:12.143  INFO 5864 --- [localhost-startStop-1] o.a.c.c.C.[Tomcat].[localhost].[/]       : Initializing Spring embedded WebApplicationContext
2017-08-21 10:15:12.143  INFO 5864 --- [localhost-startStop-1] o.s.web.context.ContextLoader            : Root WebApplicationContext: initialization completed in 1837 ms
2017-08-21 10:15:12.255  INFO 5864 --- [localhost-startStop-1] o.s.b.w.servlet.ServletRegistrationBean  : Mapping servlet: 'dispatcherServlet' to [/]
2017-08-21 10:15:12.258  INFO 5864 --- [localhost-startStop-1] o.s.b.w.servlet.FilterRegistrationBean   : Mapping filter: 'characterEncodingFilter' to: [/*]
2017-08-21 10:15:12.259  INFO 5864 --- [localhost-startStop-1] o.s.b.w.servlet.FilterRegistrationBean   : Mapping filter: 'hiddenHttpMethodFilter' to: [/*]
2017-08-21 10:15:12.259  INFO 5864 --- [localhost-startStop-1] o.s.b.w.servlet.FilterRegistrationBean   : Mapping filter: 'httpPutFormContentFilter' to: [/*]
2017-08-21 10:15:12.259  INFO 5864 --- [localhost-startStop-1] o.s.b.w.servlet.FilterRegistrationBean   : Mapping filter: 'requestContextFilter' to: [/*]
2017-08-21 10:15:12.613  INFO 5864 --- [restartedMain] s.w.s.m.m.a.RequestMappingHandlerAdapter : Looking for @ControllerAdvice: org.springframework.boot.context.embedded.AnnotationConfigEmbeddedWebApplicationContext@1f9a202b: startup date [Mon Aug 21 10:15:10 CST 2017]; root of context hierarchy
2017-08-21 10:15:12.693  INFO 5864 --- [restartedMain] s.w.s.m.m.a.RequestMappingHandlerMapping : Mapped "{[/index],methods=[GET]}" onto public java.lang.String com.xmy.controller.IndexController.index(javax.servlet.http.HttpServletRequest)
2017-08-21 10:15:12.699  INFO 5864 --- [restartedMain] s.w.s.m.m.a.RequestMappingHandlerMapping : Mapped "{[/error]}" onto public org.springframework.http.ResponseEntity<java.util.Map<java.lang.String, java.lang.Object>> org.springframework.boot.autoconfigure.web.BasicErrorController.error(javax.servlet.http.HttpServletRequest)
2017-08-21 10:15:12.700  INFO 5864 --- [restartedMain] s.w.s.m.m.a.RequestMappingHandlerMapping : Mapped "{[/error],produces=[text/html]}" onto public org.springframework.web.servlet.ModelAndView org.springframework.boot.autoconfigure.web.BasicErrorController.errorHtml(javax.servlet.http.HttpServletRequest,javax.servlet.http.HttpServletResponse)
2017-08-21 10:15:12.737  INFO 5864 --- [restartedMain] o.s.w.s.handler.SimpleUrlHandlerMapping  : Mapped URL path [/webjars/**] onto handler of type [class org.springframework.web.servlet.resource.ResourceHttpRequestHandler]
2017-08-21 10:15:12.742  INFO 5864 --- [restartedMain] o.s.w.s.handler.SimpleUrlHandlerMapping  : Mapped URL path [/**] onto handler of type [class org.springframework.web.servlet.resource.ResourceHttpRequestHandler]
2017-08-21 10:15:12.777  INFO 5864 --- [restartedMain] o.s.w.s.handler.SimpleUrlHandlerMapping  : Mapped URL path [/**/favicon.ico] onto handler of type [class org.springframework.web.servlet.resource.ResourceHttpRequestHandler]
2017-08-21 10:15:13.684  WARN 5864 --- [restartedMain] o.s.b.d.a.OptionalLiveReloadServer       : Unable to start LiveReload server
2017-08-21 10:15:13.721  INFO 5864 --- [restartedMain] o.s.j.e.a.AnnotationMBeanExporter        : Registering beans for JMX exposure on startup
2017-08-21 10:15:13.769  INFO 5864 --- [restartedMain] s.b.c.e.t.TomcatEmbeddedServletContainer : Tomcat started on port(s): 8082 (http)
2017-08-21 10:15:13.787  INFO 5864 --- [restartedMain] com.xmy.InventorSystemApplication        : Started InventorSystemApplication in 3.975 seconds (JVM running for 4.298)
2017-08-21 10:16:26.047  INFO 5864 --- [http-nio-8082-exec-2] o.a.c.c.C.[Tomcat].[localhost].[/]       : Initializing Spring FrameworkServlet 'dispatcherServlet'
2017-08-21 10:16:26.048  INFO 5864 --- [http-nio-8082-exec-2] o.s.web.servlet.DispatcherServlet        : FrameworkServlet 'dispatcherServlet': initialization started
2017-08-21 10:16:26.062  INFO 5864 --- [http-nio-8082-exec-2] o.s.web.servlet.DispatcherServlet        : FrameworkServlet 'dispatcherServlet': initialization completed in 14 ms
2017-08-21 10:26:29.035  INFO 5864 --- [Thread-1] ationConfigEmbeddedWebApplicationContext : Closing org.springframework.boot.context.embedded.AnnotationConfigEmbeddedWebApplicationContext@1f9a202b: startup date [Mon Aug 21 10:15:10 CST 2017]; root of context hierarchy
2017-08-21 10:26:29.035  INFO 5864 --- [Thread-1] o.s.j.e.a.AnnotationMBeanExporter        : Unregistering JMX-exposed beans on shutdown
2017-08-21 10:26:29.285  INFO 5864 --- [restartedMain] com.xmy.InventorSystemApplication        : Starting InventorSystemApplication on xmy-PC with PID 5864 (D:\MavenProject\InventorSystem\target\classes started by xmy in D:\MavenProject\InventorSystem)
2017-08-21 10:26:29.285 DEBUG 5864 --- [restartedMain] com.xmy.InventorSystemApplication        : Running with Spring Boot v1.5.6.RELEASE, Spring v4.3.10.RELEASE
2017-08-21 10:26:29.285  INFO 5864 --- [restartedMain] com.xmy.InventorSystemApplication        : No active profile set, falling back to default profiles: default
2017-08-21 10:26:29.285  INFO 5864 --- [restartedMain] ationConfigEmbeddedWebApplicationContext : Refreshing org.springframework.boot.context.embedded.AnnotationConfigEmbeddedWebApplicationContext@2bb269c6: startup date [Mon Aug 21 10:26:29 CST 2017]; root of context hierarchy
2017-08-21 10:26:29.566  WARN 5864 --- [restartedMain] o.m.s.mapper.ClassPathMapperScanner      : No MyBatis mapper was found in '[com.xmy]' package. Please check your configuration.
2017-08-21 10:26:29.582  INFO 5864 --- [restartedMain] .s.d.r.c.RepositoryConfigurationDelegate : Multiple Spring Data modules found, entering strict repository configuration mode!
2017-08-21 10:26:29.722  INFO 5864 --- [restartedMain] s.b.c.e.t.TomcatEmbeddedServletContainer : Tomcat initialized with port(s): 8082 (http)
2017-08-21 10:26:29.722  INFO 5864 --- [restartedMain] o.apache.catalina.core.StandardService   : Starting service [Tomcat]
2017-08-21 10:26:29.722  INFO 5864 --- [restartedMain] org.apache.catalina.core.StandardEngine  : Starting Servlet Engine: Apache Tomcat/8.5.16
2017-08-21 10:26:29.753  INFO 5864 --- [localhost-startStop-1] o.a.c.c.C.[Tomcat].[localhost].[/]       : Initializing Spring embedded WebApplicationContext
2017-08-21 10:26:29.753  INFO 5864 --- [localhost-startStop-1] o.s.web.context.ContextLoader            : Root WebApplicationContext: initialization completed in 468 ms
2017-08-21 10:26:29.786  INFO 5864 --- [localhost-startStop-1] o.s.b.w.servlet.ServletRegistrationBean  : Mapping servlet: 'dispatcherServlet' to [/]
2017-08-21 10:26:29.786  INFO 5864 --- [localhost-startStop-1] o.s.b.w.servlet.FilterRegistrationBean   : Mapping filter: 'characterEncodingFilter' to: [/*]
2017-08-21 10:26:29.786  INFO 5864 --- [localhost-startStop-1] o.s.b.w.servlet.FilterRegistrationBean   : Mapping filter: 'hiddenHttpMethodFilter' to: [/*]
2017-08-21 10:26:29.786  INFO 5864 --- [localhost-startStop-1] o.s.b.w.servlet.FilterRegistrationBean   : Mapping filter: 'httpPutFormContentFilter' to: [/*]
2017-08-21 10:26:29.786  INFO 5864 --- [localhost-startStop-1] o.s.b.w.servlet.FilterRegistrationBean   : Mapping filter: 'requestContextFilter' to: [/*]
2017-08-21 10:26:29.817 DEBUG 5864 --- [restartedMain] c.x.c.CustomWebMvcConfigurerAdapter      : Initializing CustomWebMvcConfigurerAdapter 
2017-08-21 10:26:29.864  INFO 5864 --- [restartedMain] s.w.s.m.m.a.RequestMappingHandlerAdapter : Looking for @ControllerAdvice: org.springframework.boot.context.embedded.AnnotationConfigEmbeddedWebApplicationContext@2bb269c6: startup date [Mon Aug 21 10:26:29 CST 2017]; root of context hierarchy
2017-08-21 10:26:29.879  WARN 5864 --- [restartedMain] ationConfigEmbeddedWebApplicationContext : Exception encountered during context initialization - cancelling refresh attempt: org.springframework.beans.factory.BeanCreationException: Error creating bean with name 'requestMappingHandlerMapping' defined in class path resource [org/springframework/boot/autoconfigure/web/WebMvcAutoConfiguration$EnableWebMvcConfiguration.class]: Bean instantiation via factory method failed; nested exception is org.springframework.beans.BeanInstantiationException: Failed to instantiate [org.springframework.web.servlet.mvc.method.annotation.RequestMappingHandlerMapping]: Factory method 'requestMappingHandlerMapping' threw exception; nested exception is java.lang.Error: Unresolved compilation problem: 
	SSOTockenInterceptor cannot be resolved to a type

2017-08-21 10:26:29.879  INFO 5864 --- [restartedMain] o.apache.catalina.core.StandardService   : Stopping service [Tomcat]
2017-08-21 10:26:29.895  INFO 5864 --- [restartedMain] utoConfigurationReportLoggingInitializer : 

Error starting ApplicationContext. To display the auto-configuration report re-run your application with 'debug' enabled.
2017-08-21 10:26:29.910 ERROR 5864 --- [restartedMain] o.s.boot.SpringApplication               : Application startup failed

org.springframework.beans.factory.BeanCreationException: Error creating bean with name 'requestMappingHandlerMapping' defined in class path resource [org/springframework/boot/autoconfigure/web/WebMvcAutoConfiguration$EnableWebMvcConfiguration.class]: Bean instantiation via factory method failed; nested exception is org.springframework.beans.BeanInstantiationException: Failed to instantiate [org.springframework.web.servlet.mvc.method.annotation.RequestMappingHandlerMapping]: Factory method 'requestMappingHandlerMapping' threw exception; nested exception is java.lang.Error: Unresolved compilation problem: 
	SSOTockenInterceptor cannot be resolved to a type

	at org.springframework.beans.factory.support.ConstructorResolver.instantiateUsingFactoryMethod(ConstructorResolver.java:599) ~[spring-beans-4.3.10.RELEASE.jar:4.3.10.RELEASE]
	at org.springframework.beans.factory.support.AbstractAutowireCapableBeanFactory.instantiateUsingFactoryMethod(AbstractAutowireCapableBeanFactory.java:1173) ~[spring-beans-4.3.10.RELEASE.jar:4.3.10.RELEASE]
	at org.springframework.beans.factory.support.AbstractAutowireCapableBeanFactory.createBeanInstance(AbstractAutowireCapableBeanFactory.java:1067) ~[spring-beans-4.3.10.RELEASE.jar:4.3.10.RELEASE]
	at org.springframework.beans.factory.support.AbstractAutowireCapableBeanFactory.doCreateBean(AbstractAutowireCapableBeanFactory.java:513) ~[spring-beans-4.3.10.RELEASE.jar:4.3.10.RELEASE]
	at org.springframework.beans.factory.support.AbstractAutowireCapableBeanFactory.createBean(AbstractAutowireCapableBeanFactory.java:483) ~[spring-beans-4.3.10.RELEASE.jar:4.3.10.RELEASE]
	at org.springframework.beans.factory.support.AbstractBeanFactory$1.getObject(AbstractBeanFactory.java:306) ~[spring-beans-4.3.10.RELEASE.jar:4.3.10.RELEASE]
	at org.springframework.beans.factory.support.DefaultSingletonBeanRegistry.getSingleton(DefaultSingletonBeanRegistry.java:230) ~[spring-beans-4.3.10.RELEASE.jar:4.3.10.RELEASE]
	at org.springframework.beans.factory.support.AbstractBeanFactory.doGetBean(AbstractBeanFactory.java:302) ~[spring-beans-4.3.10.RELEASE.jar:4.3.10.RELEASE]
	at org.springframework.beans.factory.support.AbstractBeanFactory.getBean(AbstractBeanFactory.java:197) ~[spring-beans-4.3.10.RELEASE.jar:4.3.10.RELEASE]
	at org.springframework.beans.factory.support.DefaultListableBeanFactory.preInstantiateSingletons(DefaultListableBeanFactory.java:761) ~[spring-beans-4.3.10.RELEASE.jar:4.3.10.RELEASE]
	at org.springframework.context.support.AbstractApplicationContext.finishBeanFactoryInitialization(AbstractApplicationContext.java:867) ~[spring-context-4.3.10.RELEASE.jar:4.3.10.RELEASE]
	at org.springframework.context.support.AbstractApplicationContext.refresh(AbstractApplicationContext.java:543) ~[spring-context-4.3.10.RELEASE.jar:4.3.10.RELEASE]
	at org.springframework.boot.context.embedded.EmbeddedWebApplicationContext.refresh(EmbeddedWebApplicationContext.java:122) ~[spring-boot-1.5.6.RELEASE.jar:1.5.6.RELEASE]
	at org.springframework.boot.SpringApplication.refresh(SpringApplication.java:693) [spring-boot-1.5.6.RELEASE.jar:1.5.6.RELEASE]
	at org.springframework.boot.SpringApplication.refreshContext(SpringApplication.java:360) [spring-boot-1.5.6.RELEASE.jar:1.5.6.RELEASE]
	at org.springframework.boot.SpringApplication.run(SpringApplication.java:303) [spring-boot-1.5.6.RELEASE.jar:1.5.6.RELEASE]
	at org.springframework.boot.SpringApplication.run(SpringApplication.java:1118) [spring-boot-1.5.6.RELEASE.jar:1.5.6.RELEASE]
	at org.springframework.boot.SpringApplication.run(SpringApplication.java:1107) [spring-boot-1.5.6.RELEASE.jar:1.5.6.RELEASE]
	at com.xmy.InventorSystemApplication.main(InventorSystemApplication.java:10) [classes/:na]
	at sun.reflect.NativeMethodAccessorImpl.invoke0(Native Method) ~[na:1.8.0_66]
	at sun.reflect.NativeMethodAccessorImpl.invoke(NativeMethodAccessorImpl.java:62) ~[na:1.8.0_66]
	at sun.reflect.DelegatingMethodAccessorImpl.invoke(DelegatingMethodAccessorImpl.java:43) ~[na:1.8.0_66]
	at java.lang.reflect.Method.invoke(Method.java:497) ~[na:1.8.0_66]
	at org.springframework.boot.devtools.restart.RestartLauncher.run(RestartLauncher.java:49) [spring-boot-devtools-1.5.6.RELEASE.jar:1.5.6.RELEASE]
Caused by: org.springframework.beans.BeanInstantiationException: Failed to instantiate [org.springframework.web.servlet.mvc.method.annotation.RequestMappingHandlerMapping]: Factory method 'requestMappingHandlerMapping' threw exception; nested exception is java.lang.Error: Unresolved compilation problem: 
	SSOTockenInterceptor cannot be resolved to a type

	at org.springframework.beans.factory.support.SimpleInstantiationStrategy.instantiate(SimpleInstantiationStrategy.java:189) ~[spring-beans-4.3.10.RELEASE.jar:4.3.10.RELEASE]
	at org.springframework.beans.factory.support.ConstructorResolver.instantiateUsingFactoryMethod(ConstructorResolver.java:588) ~[spring-beans-4.3.10.RELEASE.jar:4.3.10.RELEASE]
	... 23 common frames omitted
Caused by: java.lang.Error: Unresolved compilation problem: 
	SSOTockenInterceptor cannot be resolved to a type

	at com.xmy.configuration.CustomWebMvcConfigurerAdapter.addInterceptors(CustomWebMvcConfigurerAdapter.java:27) ~[classes/:na]
	at org.springframework.web.servlet.config.annotation.WebMvcConfigurerComposite.addInterceptors(WebMvcConfigurerComposite.java:87) ~[spring-webmvc-4.3.10.RELEASE.jar:4.3.10.RELEASE]
	at org.springframework.web.servlet.config.annotation.DelegatingWebMvcConfiguration.addInterceptors(DelegatingWebMvcConfiguration.java:82) ~[spring-webmvc-4.3.10.RELEASE.jar:4.3.10.RELEASE]
	at org.springframework.web.servlet.config.annotation.WebMvcConfigurationSupport.getInterceptors(WebMvcConfigurationSupport.java:296) ~[spring-webmvc-4.3.10.RELEASE.jar:4.3.10.RELEASE]
	at org.springframework.web.servlet.config.annotation.WebMvcConfigurationSupport.requestMappingHandlerMapping(WebMvcConfigurationSupport.java:253) ~[spring-webmvc-4.3.10.RELEASE.jar:4.3.10.RELEASE]
	at org.springframework.boot.autoconfigure.web.WebMvcAutoConfiguration$EnableWebMvcConfiguration.requestMappingHandlerMapping(WebMvcAutoConfiguration.java:404) ~[spring-boot-autoconfigure-1.5.6.RELEASE.jar:1.5.6.RELEASE]
	at org.springframework.boot.autoconfigure.web.WebMvcAutoConfiguration$EnableWebMvcConfiguration$$EnhancerBySpringCGLIB$$fa6da02f.CGLIB$requestMappingHandlerMapping$6(<generated>) ~[spring-boot-autoconfigure-1.5.6.RELEASE.jar:1.5.6.RELEASE]
	at org.springframework.boot.autoconfigure.web.WebMvcAutoConfiguration$EnableWebMvcConfiguration$$EnhancerBySpringCGLIB$$fa6da02f$$FastClassBySpringCGLIB$$240409a1.invoke(<generated>) ~[spring-boot-autoconfigure-1.5.6.RELEASE.jar:1.5.6.RELEASE]
	at org.springframework.cglib.proxy.MethodProxy.invokeSuper(MethodProxy.java:228) ~[spring-core-4.3.10.RELEASE.jar:4.3.10.RELEASE]
	at org.springframework.context.annotation.ConfigurationClassEnhancer$BeanMethodInterceptor.intercept(ConfigurationClassEnhancer.java:358) ~[spring-context-4.3.10.RELEASE.jar:4.3.10.RELEASE]
	at org.springframework.boot.autoconfigure.web.WebMvcAutoConfiguration$EnableWebMvcConfiguration$$EnhancerBySpringCGLIB$$fa6da02f.requestMappingHandlerMapping(<generated>) ~[spring-boot-autoconfigure-1.5.6.RELEASE.jar:1.5.6.RELEASE]
	at sun.reflect.NativeMethodAccessorImpl.invoke0(Native Method) ~[na:1.8.0_66]
	at sun.reflect.NativeMethodAccessorImpl.invoke(NativeMethodAccessorImpl.java:62) ~[na:1.8.0_66]
	at sun.reflect.DelegatingMethodAccessorImpl.invoke(DelegatingMethodAccessorImpl.java:43) ~[na:1.8.0_66]
	at java.lang.reflect.Method.invoke(Method.java:497) ~[na:1.8.0_66]
	at org.springframework.beans.factory.support.SimpleInstantiationStrategy.instantiate(SimpleInstantiationStrategy.java:162) ~[spring-beans-4.3.10.RELEASE.jar:4.3.10.RELEASE]
	... 24 common frames omitted

2017-08-21 10:26:36.859  INFO 5864 --- [restartedMain] com.xmy.InventorSystemApplication        : Starting InventorSystemApplication on xmy-PC with PID 5864 (D:\MavenProject\InventorSystem\target\classes started by xmy in D:\MavenProject\InventorSystem)
2017-08-21 10:26:36.859 DEBUG 5864 --- [restartedMain] com.xmy.InventorSystemApplication        : Running with Spring Boot v1.5.6.RELEASE, Spring v4.3.10.RELEASE
2017-08-21 10:26:36.859  INFO 5864 --- [restartedMain] com.xmy.InventorSystemApplication        : No active profile set, falling back to default profiles: default
2017-08-21 10:26:36.875  INFO 5864 --- [restartedMain] ationConfigEmbeddedWebApplicationContext : Refreshing org.springframework.boot.context.embedded.AnnotationConfigEmbeddedWebApplicationContext@34cde3e2: startup date [Mon Aug 21 10:26:36 CST 2017]; root of context hierarchy
2017-08-21 10:26:37.097  WARN 5864 --- [restartedMain] o.m.s.mapper.ClassPathMapperScanner      : No MyBatis mapper was found in '[com.xmy]' package. Please check your configuration.
2017-08-21 10:26:37.112  INFO 5864 --- [restartedMain] .s.d.r.c.RepositoryConfigurationDelegate : Multiple Spring Data modules found, entering strict repository configuration mode!
2017-08-21 10:26:37.206  INFO 5864 --- [restartedMain] s.b.c.e.t.TomcatEmbeddedServletContainer : Tomcat initialized with port(s): 8082 (http)
2017-08-21 10:26:37.206  INFO 5864 --- [restartedMain] o.apache.catalina.core.StandardService   : Starting service [Tomcat]
2017-08-21 10:26:37.206  INFO 5864 --- [restartedMain] org.apache.catalina.core.StandardEngine  : Starting Servlet Engine: Apache Tomcat/8.5.16
2017-08-21 10:26:37.221  INFO 5864 --- [localhost-startStop-1] o.a.c.c.C.[Tomcat-1].[localhost].[/]     : Initializing Spring embedded WebApplicationContext
2017-08-21 10:26:37.221  INFO 5864 --- [localhost-startStop-1] o.s.web.context.ContextLoader            : Root WebApplicationContext: initialization completed in 346 ms
2017-08-21 10:26:37.253  INFO 5864 --- [localhost-startStop-1] o.s.b.w.servlet.ServletRegistrationBean  : Mapping servlet: 'dispatcherServlet' to [/]
2017-08-21 10:26:37.268  INFO 5864 --- [localhost-startStop-1] o.s.b.w.servlet.FilterRegistrationBean   : Mapping filter: 'characterEncodingFilter' to: [/*]
2017-08-21 10:26:37.268  INFO 5864 --- [localhost-startStop-1] o.s.b.w.servlet.FilterRegistrationBean   : Mapping filter: 'hiddenHttpMethodFilter' to: [/*]
2017-08-21 10:26:37.268  INFO 5864 --- [localhost-startStop-1] o.s.b.w.servlet.FilterRegistrationBean   : Mapping filter: 'httpPutFormContentFilter' to: [/*]
2017-08-21 10:26:37.268  INFO 5864 --- [localhost-startStop-1] o.s.b.w.servlet.FilterRegistrationBean   : Mapping filter: 'requestContextFilter' to: [/*]
2017-08-21 10:26:37.284 DEBUG 5864 --- [restartedMain] c.x.c.CustomWebMvcConfigurerAdapter      : Initializing CustomWebMvcConfigurerAdapter 
2017-08-21 10:26:37.346  INFO 5864 --- [restartedMain] s.w.s.m.m.a.RequestMappingHandlerAdapter : Looking for @ControllerAdvice: org.springframework.boot.context.embedded.AnnotationConfigEmbeddedWebApplicationContext@34cde3e2: startup date [Mon Aug 21 10:26:36 CST 2017]; root of context hierarchy
2017-08-21 10:26:37.346 DEBUG 5864 --- [restartedMain] c.x.c.CustomWebMvcConfigurerAdapter      : addInterceptors()
2017-08-21 10:26:37.346 DEBUG 5864 --- [restartedMain] c.xmy.interceptor.SSOTockenInterceptor   : Initializing SSOTockenInterceptor().......
2017-08-21 10:26:37.346  INFO 5864 --- [restartedMain] s.w.s.m.m.a.RequestMappingHandlerMapping : Mapped "{[/index],methods=[GET]}" onto public java.lang.String com.xmy.controller.IndexController.index(javax.servlet.http.HttpServletRequest)
2017-08-21 10:26:37.346  INFO 5864 --- [restartedMain] s.w.s.m.m.a.RequestMappingHandlerMapping : Mapped "{[/error]}" onto public org.springframework.http.ResponseEntity<java.util.Map<java.lang.String, java.lang.Object>> org.springframework.boot.autoconfigure.web.BasicErrorController.error(javax.servlet.http.HttpServletRequest)
2017-08-21 10:26:37.346  INFO 5864 --- [restartedMain] s.w.s.m.m.a.RequestMappingHandlerMapping : Mapped "{[/error],produces=[text/html]}" onto public org.springframework.web.servlet.ModelAndView org.springframework.boot.autoconfigure.web.BasicErrorController.errorHtml(javax.servlet.http.HttpServletRequest,javax.servlet.http.HttpServletResponse)
2017-08-21 10:26:37.346  INFO 5864 --- [restartedMain] o.s.w.s.handler.SimpleUrlHandlerMapping  : Mapped URL path [/webjars/**] onto handler of type [class org.springframework.web.servlet.resource.ResourceHttpRequestHandler]
2017-08-21 10:26:37.346  INFO 5864 --- [restartedMain] o.s.w.s.handler.SimpleUrlHandlerMapping  : Mapped URL path [/**] onto handler of type [class org.springframework.web.servlet.resource.ResourceHttpRequestHandler]
2017-08-21 10:26:37.362  INFO 5864 --- [restartedMain] o.s.w.s.handler.SimpleUrlHandlerMapping  : Mapped URL path [/**/favicon.ico] onto handler of type [class org.springframework.web.servlet.resource.ResourceHttpRequestHandler]
2017-08-21 10:26:37.518  WARN 5864 --- [restartedMain] o.s.b.d.a.OptionalLiveReloadServer       : Unable to start LiveReload server
2017-08-21 10:26:37.533  INFO 5864 --- [restartedMain] o.s.j.e.a.AnnotationMBeanExporter        : Registering beans for JMX exposure on startup
2017-08-21 10:26:37.565  INFO 5864 --- [restartedMain] s.b.c.e.t.TomcatEmbeddedServletContainer : Tomcat started on port(s): 8082 (http)
2017-08-21 10:26:37.565  INFO 5864 --- [restartedMain] com.xmy.InventorSystemApplication        : Started InventorSystemApplication in 0.737 seconds (JVM running for 688.072)
2017-08-21 10:30:42.839  INFO 6820 --- [restartedMain] com.xmy.InventorSystemApplication        : Starting InventorSystemApplication on xmy-PC with PID 6820 (D:\MavenProject\InventorSystem\target\classes started by xmy in D:\MavenProject\InventorSystem)
2017-08-21 10:30:42.839 DEBUG 6820 --- [restartedMain] com.xmy.InventorSystemApplication        : Running with Spring Boot v1.5.6.RELEASE, Spring v4.3.10.RELEASE
2017-08-21 10:30:42.839  INFO 6820 --- [restartedMain] com.xmy.InventorSystemApplication        : No active profile set, falling back to default profiles: default
2017-08-21 10:30:43.058  INFO 6820 --- [restartedMain] ationConfigEmbeddedWebApplicationContext : Refreshing org.springframework.boot.context.embedded.AnnotationConfigEmbeddedWebApplicationContext@1f9a202b: startup date [Mon Aug 21 10:30:43 CST 2017]; root of context hierarchy
2017-08-21 10:30:43.885  WARN 6820 --- [restartedMain] o.m.s.mapper.ClassPathMapperScanner      : No MyBatis mapper was found in '[com.xmy]' package. Please check your configuration.
2017-08-21 10:30:43.916  INFO 6820 --- [restartedMain] .s.d.r.c.RepositoryConfigurationDelegate : Multiple Spring Data modules found, entering strict repository configuration mode!
2017-08-21 10:30:44.813  INFO 6820 --- [restartedMain] s.b.c.e.t.TomcatEmbeddedServletContainer : Tomcat initialized with port(s): 8082 (http)
2017-08-21 10:30:44.829  INFO 6820 --- [restartedMain] o.apache.catalina.core.StandardService   : Starting service [Tomcat]
2017-08-21 10:30:44.829  INFO 6820 --- [restartedMain] org.apache.catalina.core.StandardEngine  : Starting Servlet Engine: Apache Tomcat/8.5.16
2017-08-21 10:30:44.922  INFO 6820 --- [localhost-startStop-1] o.a.c.c.C.[Tomcat].[localhost].[/]       : Initializing Spring embedded WebApplicationContext
2017-08-21 10:30:44.922  INFO 6820 --- [localhost-startStop-1] o.s.web.context.ContextLoader            : Root WebApplicationContext: initialization completed in 1864 ms
2017-08-21 10:30:45.047  INFO 6820 --- [localhost-startStop-1] o.s.b.w.servlet.ServletRegistrationBean  : Mapping servlet: 'dispatcherServlet' to [/]
2017-08-21 10:30:45.047  INFO 6820 --- [localhost-startStop-1] o.s.b.w.servlet.FilterRegistrationBean   : Mapping filter: 'characterEncodingFilter' to: [/*]
2017-08-21 10:30:45.047  INFO 6820 --- [localhost-startStop-1] o.s.b.w.servlet.FilterRegistrationBean   : Mapping filter: 'hiddenHttpMethodFilter' to: [/*]
2017-08-21 10:30:45.047  INFO 6820 --- [localhost-startStop-1] o.s.b.w.servlet.FilterRegistrationBean   : Mapping filter: 'httpPutFormContentFilter' to: [/*]
2017-08-21 10:30:45.047  INFO 6820 --- [localhost-startStop-1] o.s.b.w.servlet.FilterRegistrationBean   : Mapping filter: 'requestContextFilter' to: [/*]
2017-08-21 10:30:45.329  INFO 6820 --- [restartedMain] s.w.s.m.m.a.RequestMappingHandlerAdapter : Looking for @ControllerAdvice: org.springframework.boot.context.embedded.AnnotationConfigEmbeddedWebApplicationContext@1f9a202b: startup date [Mon Aug 21 10:30:43 CST 2017]; root of context hierarchy
2017-08-21 10:30:45.360 DEBUG 6820 --- [restartedMain] c.x.c.CustomWebMvcConfigurerAdapter      : CustomWebMvcConfigurerAdapter.addInterceptors()
2017-08-21 10:30:45.391  INFO 6820 --- [restartedMain] s.w.s.m.m.a.RequestMappingHandlerMapping : Mapped "{[/index],methods=[GET]}" onto public java.lang.String com.xmy.controller.IndexController.index(javax.servlet.http.HttpServletRequest)
2017-08-21 10:30:45.391  INFO 6820 --- [restartedMain] s.w.s.m.m.a.RequestMappingHandlerMapping : Mapped "{[/error]}" onto public org.springframework.http.ResponseEntity<java.util.Map<java.lang.String, java.lang.Object>> org.springframework.boot.autoconfigure.web.BasicErrorController.error(javax.servlet.http.HttpServletRequest)
2017-08-21 10:30:45.391  INFO 6820 --- [restartedMain] s.w.s.m.m.a.RequestMappingHandlerMapping : Mapped "{[/error],produces=[text/html]}" onto public org.springframework.web.servlet.ModelAndView org.springframework.boot.autoconfigure.web.BasicErrorController.errorHtml(javax.servlet.http.HttpServletRequest,javax.servlet.http.HttpServletResponse)
2017-08-21 10:30:45.422  INFO 6820 --- [restartedMain] o.s.w.s.handler.SimpleUrlHandlerMapping  : Mapped URL path [/webjars/**] onto handler of type [class org.springframework.web.servlet.resource.ResourceHttpRequestHandler]
2017-08-21 10:30:45.422  INFO 6820 --- [restartedMain] o.s.w.s.handler.SimpleUrlHandlerMapping  : Mapped URL path [/**] onto handler of type [class org.springframework.web.servlet.resource.ResourceHttpRequestHandler]
2017-08-21 10:30:45.454  INFO 6820 --- [restartedMain] o.s.w.s.handler.SimpleUrlHandlerMapping  : Mapped URL path [/**/favicon.ico] onto handler of type [class org.springframework.web.servlet.resource.ResourceHttpRequestHandler]
2017-08-21 10:30:46.349  INFO 6820 --- [restartedMain] o.s.b.d.a.OptionalLiveReloadServer       : LiveReload server is running on port 35729
2017-08-21 10:30:46.380  INFO 6820 --- [restartedMain] o.s.j.e.a.AnnotationMBeanExporter        : Registering beans for JMX exposure on startup
2017-08-21 10:30:46.443  INFO 6820 --- [restartedMain] s.b.c.e.t.TomcatEmbeddedServletContainer : Tomcat started on port(s): 8082 (http)
2017-08-21 10:30:46.458  INFO 6820 --- [restartedMain] com.xmy.InventorSystemApplication        : Started InventorSystemApplication in 3.837 seconds (JVM running for 4.187)
2017-08-21 10:40:13.317  INFO 7768 --- [restartedMain] com.xmy.InventorSystemApplication        : Starting InventorSystemApplication on xmy-PC with PID 7768 (D:\MavenProject\InventorSystem\target\classes started by xmy in D:\MavenProject\InventorSystem)
2017-08-21 10:40:13.318 DEBUG 7768 --- [restartedMain] com.xmy.InventorSystemApplication        : Running with Spring Boot v1.5.6.RELEASE, Spring v4.3.10.RELEASE
2017-08-21 10:40:13.319  INFO 7768 --- [restartedMain] com.xmy.InventorSystemApplication        : No active profile set, falling back to default profiles: default
2017-08-21 10:40:13.538  INFO 7768 --- [restartedMain] ationConfigEmbeddedWebApplicationContext : Refreshing org.springframework.boot.context.embedded.AnnotationConfigEmbeddedWebApplicationContext@1f9a202b: startup date [Mon Aug 21 10:40:13 CST 2017]; root of context hierarchy
2017-08-21 10:40:14.556  WARN 7768 --- [restartedMain] o.m.s.mapper.ClassPathMapperScanner      : No MyBatis mapper was found in '[com.xmy]' package. Please check your configuration.
2017-08-21 10:40:14.582  INFO 7768 --- [restartedMain] .s.d.r.c.RepositoryConfigurationDelegate : Multiple Spring Data modules found, entering strict repository configuration mode!
2017-08-21 10:40:15.380  INFO 7768 --- [restartedMain] s.b.c.e.t.TomcatEmbeddedServletContainer : Tomcat initialized with port(s): 8082 (http)
2017-08-21 10:40:15.392  INFO 7768 --- [restartedMain] o.apache.catalina.core.StandardService   : Starting service [Tomcat]
2017-08-21 10:40:15.393  INFO 7768 --- [restartedMain] org.apache.catalina.core.StandardEngine  : Starting Servlet Engine: Apache Tomcat/8.5.16
2017-08-21 10:40:15.463  INFO 7768 --- [localhost-startStop-1] o.a.c.c.C.[Tomcat].[localhost].[/]       : Initializing Spring embedded WebApplicationContext
2017-08-21 10:40:15.463  INFO 7768 --- [localhost-startStop-1] o.s.web.context.ContextLoader            : Root WebApplicationContext: initialization completed in 1927 ms
2017-08-21 10:40:15.580  INFO 7768 --- [localhost-startStop-1] o.s.b.w.servlet.ServletRegistrationBean  : Mapping servlet: 'dispatcherServlet' to [/]
2017-08-21 10:40:15.584  INFO 7768 --- [localhost-startStop-1] o.s.b.w.servlet.FilterRegistrationBean   : Mapping filter: 'characterEncodingFilter' to: [/*]
2017-08-21 10:40:15.584  INFO 7768 --- [localhost-startStop-1] o.s.b.w.servlet.FilterRegistrationBean   : Mapping filter: 'hiddenHttpMethodFilter' to: [/*]
2017-08-21 10:40:15.584  INFO 7768 --- [localhost-startStop-1] o.s.b.w.servlet.FilterRegistrationBean   : Mapping filter: 'httpPutFormContentFilter' to: [/*]
2017-08-21 10:40:15.585  INFO 7768 --- [localhost-startStop-1] o.s.b.w.servlet.FilterRegistrationBean   : Mapping filter: 'requestContextFilter' to: [/*]
2017-08-21 10:40:15.902  INFO 7768 --- [restartedMain] s.w.s.m.m.a.RequestMappingHandlerAdapter : Looking for @ControllerAdvice: org.springframework.boot.context.embedded.AnnotationConfigEmbeddedWebApplicationContext@1f9a202b: startup date [Mon Aug 21 10:40:13 CST 2017]; root of context hierarchy
2017-08-21 10:40:15.935 DEBUG 7768 --- [restartedMain] c.x.c.CustomWebMvcConfigurerAdapter      : CustomWebMvcConfigurerAdapter.addInterceptors()
2017-08-21 10:40:15.963  INFO 7768 --- [restartedMain] s.w.s.m.m.a.RequestMappingHandlerMapping : Mapped "{[/index],methods=[GET]}" onto public java.lang.String com.xmy.controller.IndexController.index(javax.servlet.http.HttpServletRequest)
2017-08-21 10:40:15.967  INFO 7768 --- [restartedMain] s.w.s.m.m.a.RequestMappingHandlerMapping : Mapped "{[/error]}" onto public org.springframework.http.ResponseEntity<java.util.Map<java.lang.String, java.lang.Object>> org.springframework.boot.autoconfigure.web.BasicErrorController.error(javax.servlet.http.HttpServletRequest)
2017-08-21 10:40:15.973  INFO 7768 --- [restartedMain] s.w.s.m.m.a.RequestMappingHandlerMapping : Mapped "{[/error],produces=[text/html]}" onto public org.springframework.web.servlet.ModelAndView org.springframework.boot.autoconfigure.web.BasicErrorController.errorHtml(javax.servlet.http.HttpServletRequest,javax.servlet.http.HttpServletResponse)
2017-08-21 10:40:16.012  INFO 7768 --- [restartedMain] o.s.w.s.handler.SimpleUrlHandlerMapping  : Mapped URL path [/webjars/**] onto handler of type [class org.springframework.web.servlet.resource.ResourceHttpRequestHandler]
2017-08-21 10:40:16.012  INFO 7768 --- [restartedMain] o.s.w.s.handler.SimpleUrlHandlerMapping  : Mapped URL path [/**] onto handler of type [class org.springframework.web.servlet.resource.ResourceHttpRequestHandler]
2017-08-21 10:40:16.052  INFO 7768 --- [restartedMain] o.s.w.s.handler.SimpleUrlHandlerMapping  : Mapped URL path [/**/favicon.ico] onto handler of type [class org.springframework.web.servlet.resource.ResourceHttpRequestHandler]
2017-08-21 10:40:16.959  WARN 7768 --- [restartedMain] o.s.b.d.a.OptionalLiveReloadServer       : Unable to start LiveReload server
2017-08-21 10:40:17.005  INFO 7768 --- [restartedMain] o.s.j.e.a.AnnotationMBeanExporter        : Registering beans for JMX exposure on startup
2017-08-21 10:40:17.055  INFO 7768 --- [restartedMain] s.b.c.e.t.TomcatEmbeddedServletContainer : Tomcat started on port(s): 8082 (http)
2017-08-21 10:40:17.063  INFO 7768 --- [restartedMain] com.xmy.InventorSystemApplication        : Started InventorSystemApplication in 3.956 seconds (JVM running for 4.284)
2017-08-21 10:42:32.145  INFO 7768 --- [http-nio-8082-exec-4] o.a.c.c.C.[Tomcat].[localhost].[/]       : Initializing Spring FrameworkServlet 'dispatcherServlet'
2017-08-21 10:42:32.145  INFO 7768 --- [http-nio-8082-exec-4] o.s.web.servlet.DispatcherServlet        : FrameworkServlet 'dispatcherServlet': initialization started
2017-08-21 10:42:32.160  INFO 7768 --- [http-nio-8082-exec-4] o.s.web.servlet.DispatcherServlet        : FrameworkServlet 'dispatcherServlet': initialization completed in 15 ms
2017-08-21 10:42:32.174 DEBUG 7768 --- [http-nio-8082-exec-4] c.xmy.interceptor.SSOTockenInterceptor   : SSOTockenInterceptor.preHandle()...
2017-08-21 10:42:32.187 DEBUG 7768 --- [http-nio-8082-exec-4] c.xmy.interceptor.SSOTockenInterceptor   : SSOTockenInterceptor.postHandle()...
2017-08-21 10:42:32.192 DEBUG 7768 --- [http-nio-8082-exec-4] c.xmy.interceptor.SSOTockenInterceptor   : SSOTockenInterceptor.afterCompletion()...
2017-08-21 10:42:37.533 DEBUG 7768 --- [http-nio-8082-exec-8] c.xmy.interceptor.SSOTockenInterceptor   : SSOTockenInterceptor.preHandle()...
2017-08-21 10:42:37.534 DEBUG 7768 --- [http-nio-8082-exec-8] c.xmy.interceptor.SSOTockenInterceptor   : SSOTockenInterceptor.postHandle()...
2017-08-21 10:42:37.626 DEBUG 7768 --- [http-nio-8082-exec-8] c.xmy.interceptor.SSOTockenInterceptor   : SSOTockenInterceptor.afterCompletion()...
2017-08-21 12:17:35.770 DEBUG 7768 --- [http-nio-8082-exec-7] c.xmy.interceptor.SSOTockenInterceptor   : SSOTockenInterceptor.preHandle()...
2017-08-21 12:17:35.770 DEBUG 7768 --- [http-nio-8082-exec-7] c.xmy.interceptor.SSOTockenInterceptor   : SSOTockenInterceptor.postHandle()...
2017-08-21 12:17:35.771 DEBUG 7768 --- [http-nio-8082-exec-7] c.xmy.interceptor.SSOTockenInterceptor   : SSOTockenInterceptor.afterCompletion()...
2017-08-21 12:21:47.283  INFO 8164 --- [restartedMain] com.xmy.InventorSystemApplication        : Starting InventorSystemApplication on xmy-PC with PID 8164 (D:\MavenProject\InventorSystem\target\classes started by xmy in D:\MavenProject\InventorSystem)
2017-08-21 12:21:47.284 DEBUG 8164 --- [restartedMain] com.xmy.InventorSystemApplication        : Running with Spring Boot v1.5.6.RELEASE, Spring v4.3.10.RELEASE
2017-08-21 12:21:47.284  INFO 8164 --- [restartedMain] com.xmy.InventorSystemApplication        : No active profile set, falling back to default profiles: default
2017-08-21 12:21:47.518  INFO 8164 --- [restartedMain] ationConfigEmbeddedWebApplicationContext : Refreshing org.springframework.boot.context.embedded.AnnotationConfigEmbeddedWebApplicationContext@1f9a202b: startup date [Mon Aug 21 12:21:47 CST 2017]; root of context hierarchy
2017-08-21 12:21:48.251  WARN 8164 --- [restartedMain] o.m.s.mapper.ClassPathMapperScanner      : No MyBatis mapper was found in '[com.xmy]' package. Please check your configuration.
2017-08-21 12:21:48.287  INFO 8164 --- [restartedMain] .s.d.r.c.RepositoryConfigurationDelegate : Multiple Spring Data modules found, entering strict repository configuration mode!
2017-08-21 12:21:49.165  INFO 8164 --- [restartedMain] s.b.c.e.t.TomcatEmbeddedServletContainer : Tomcat initialized with port(s): 8082 (http)
2017-08-21 12:21:49.178  INFO 8164 --- [restartedMain] o.apache.catalina.core.StandardService   : Starting service [Tomcat]
2017-08-21 12:21:49.180  INFO 8164 --- [restartedMain] org.apache.catalina.core.StandardEngine  : Starting Servlet Engine: Apache Tomcat/8.5.16
2017-08-21 12:21:49.269  INFO 8164 --- [localhost-startStop-1] o.a.c.c.C.[Tomcat].[localhost].[/]       : Initializing Spring embedded WebApplicationContext
2017-08-21 12:21:49.269  INFO 8164 --- [localhost-startStop-1] o.s.web.context.ContextLoader            : Root WebApplicationContext: initialization completed in 1754 ms
2017-08-21 12:21:49.390  INFO 8164 --- [localhost-startStop-1] o.s.b.w.servlet.ServletRegistrationBean  : Mapping servlet: 'dispatcherServlet' to [/]
2017-08-21 12:21:49.424  INFO 8164 --- [localhost-startStop-1] o.s.b.w.servlet.FilterRegistrationBean   : Mapping filter: 'characterEncodingFilter' to: [/*]
2017-08-21 12:21:49.424  INFO 8164 --- [localhost-startStop-1] o.s.b.w.servlet.FilterRegistrationBean   : Mapping filter: 'hiddenHttpMethodFilter' to: [/*]
2017-08-21 12:21:49.425  INFO 8164 --- [localhost-startStop-1] o.s.b.w.servlet.FilterRegistrationBean   : Mapping filter: 'httpPutFormContentFilter' to: [/*]
2017-08-21 12:21:49.425  INFO 8164 --- [localhost-startStop-1] o.s.b.w.servlet.FilterRegistrationBean   : Mapping filter: 'requestContextFilter' to: [/*]
2017-08-21 12:21:49.744  INFO 8164 --- [restartedMain] s.w.s.m.m.a.RequestMappingHandlerAdapter : Looking for @ControllerAdvice: org.springframework.boot.context.embedded.AnnotationConfigEmbeddedWebApplicationContext@1f9a202b: startup date [Mon Aug 21 12:21:47 CST 2017]; root of context hierarchy
2017-08-21 12:21:49.774 DEBUG 8164 --- [restartedMain] c.x.c.CustomWebMvcConfigurerAdapter      : CustomWebMvcConfigurerAdapter.addInterceptors()
2017-08-21 12:21:49.804  INFO 8164 --- [restartedMain] s.w.s.m.m.a.RequestMappingHandlerMapping : Mapped "{[/index],methods=[GET]}" onto public java.lang.String com.xmy.controller.IndexController.index(javax.servlet.http.HttpServletRequest)
2017-08-21 12:21:49.808  INFO 8164 --- [restartedMain] s.w.s.m.m.a.RequestMappingHandlerMapping : Mapped "{[/error]}" onto public org.springframework.http.ResponseEntity<java.util.Map<java.lang.String, java.lang.Object>> org.springframework.boot.autoconfigure.web.BasicErrorController.error(javax.servlet.http.HttpServletRequest)
2017-08-21 12:21:49.808  INFO 8164 --- [restartedMain] s.w.s.m.m.a.RequestMappingHandlerMapping : Mapped "{[/error],produces=[text/html]}" onto public org.springframework.web.servlet.ModelAndView org.springframework.boot.autoconfigure.web.BasicErrorController.errorHtml(javax.servlet.http.HttpServletRequest,javax.servlet.http.HttpServletResponse)
2017-08-21 12:21:49.840  INFO 8164 --- [restartedMain] o.s.w.s.handler.SimpleUrlHandlerMapping  : Mapped URL path [/webjars/**] onto handler of type [class org.springframework.web.servlet.resource.ResourceHttpRequestHandler]
2017-08-21 12:21:49.845  INFO 8164 --- [restartedMain] o.s.w.s.handler.SimpleUrlHandlerMapping  : Mapped URL path [/**] onto handler of type [class org.springframework.web.servlet.resource.ResourceHttpRequestHandler]
2017-08-21 12:21:49.880  INFO 8164 --- [restartedMain] o.s.w.s.handler.SimpleUrlHandlerMapping  : Mapped URL path [/**/favicon.ico] onto handler of type [class org.springframework.web.servlet.resource.ResourceHttpRequestHandler]
2017-08-21 12:21:50.772  WARN 8164 --- [restartedMain] o.s.b.d.a.OptionalLiveReloadServer       : Unable to start LiveReload server
2017-08-21 12:21:50.814  INFO 8164 --- [restartedMain] o.s.j.e.a.AnnotationMBeanExporter        : Registering beans for JMX exposure on startup
2017-08-21 12:21:50.884  INFO 8164 --- [restartedMain] s.b.c.e.t.TomcatEmbeddedServletContainer : Tomcat started on port(s): 8082 (http)
2017-08-21 12:21:50.891  INFO 8164 --- [restartedMain] com.xmy.InventorSystemApplication        : Started InventorSystemApplication in 3.811 seconds (JVM running for 4.148)
2017-08-21 12:30:21.684  INFO 3188 --- [restartedMain] com.xmy.InventorSystemApplication        : Starting InventorSystemApplication on xmy-PC with PID 3188 (D:\MavenProject\InventorSystem\target\classes started by xmy in D:\MavenProject\InventorSystem)
2017-08-21 12:30:21.684 DEBUG 3188 --- [restartedMain] com.xmy.InventorSystemApplication        : Running with Spring Boot v1.5.6.RELEASE, Spring v4.3.10.RELEASE
2017-08-21 12:30:21.685  INFO 3188 --- [restartedMain] com.xmy.InventorSystemApplication        : No active profile set, falling back to default profiles: default
2017-08-21 12:30:21.936  INFO 3188 --- [restartedMain] ationConfigEmbeddedWebApplicationContext : Refreshing org.springframework.boot.context.embedded.AnnotationConfigEmbeddedWebApplicationContext@c514f65: startup date [Mon Aug 21 12:30:21 CST 2017]; root of context hierarchy
2017-08-21 12:30:22.654  WARN 3188 --- [restartedMain] o.m.s.mapper.ClassPathMapperScanner      : No MyBatis mapper was found in '[com.xmy]' package. Please check your configuration.
2017-08-21 12:30:22.693  INFO 3188 --- [restartedMain] .s.d.r.c.RepositoryConfigurationDelegate : Multiple Spring Data modules found, entering strict repository configuration mode!
2017-08-21 12:30:23.563  INFO 3188 --- [restartedMain] s.b.c.e.t.TomcatEmbeddedServletContainer : Tomcat initialized with port(s): 8082 (http)
2017-08-21 12:30:23.573  INFO 3188 --- [restartedMain] o.apache.catalina.core.StandardService   : Starting service [Tomcat]
2017-08-21 12:30:23.574  INFO 3188 --- [restartedMain] org.apache.catalina.core.StandardEngine  : Starting Servlet Engine: Apache Tomcat/8.5.16
2017-08-21 12:30:23.673  INFO 3188 --- [localhost-startStop-1] o.a.c.c.C.[Tomcat].[localhost].[/]       : Initializing Spring embedded WebApplicationContext
2017-08-21 12:30:23.673  INFO 3188 --- [localhost-startStop-1] o.s.web.context.ContextLoader            : Root WebApplicationContext: initialization completed in 1745 ms
2017-08-21 12:30:23.778  INFO 3188 --- [localhost-startStop-1] o.s.b.w.servlet.ServletRegistrationBean  : Mapping servlet: 'dispatcherServlet' to [/]
2017-08-21 12:30:23.782  INFO 3188 --- [localhost-startStop-1] o.s.b.w.servlet.FilterRegistrationBean   : Mapping filter: 'characterEncodingFilter' to: [/*]
2017-08-21 12:30:23.782  INFO 3188 --- [localhost-startStop-1] o.s.b.w.servlet.FilterRegistrationBean   : Mapping filter: 'hiddenHttpMethodFilter' to: [/*]
2017-08-21 12:30:23.782  INFO 3188 --- [localhost-startStop-1] o.s.b.w.servlet.FilterRegistrationBean   : Mapping filter: 'httpPutFormContentFilter' to: [/*]
2017-08-21 12:30:23.782  INFO 3188 --- [localhost-startStop-1] o.s.b.w.servlet.FilterRegistrationBean   : Mapping filter: 'requestContextFilter' to: [/*]
2017-08-21 12:30:24.077  INFO 3188 --- [restartedMain] s.w.s.m.m.a.RequestMappingHandlerAdapter : Looking for @ControllerAdvice: org.springframework.boot.context.embedded.AnnotationConfigEmbeddedWebApplicationContext@c514f65: startup date [Mon Aug 21 12:30:21 CST 2017]; root of context hierarchy
2017-08-21 12:30:24.108 DEBUG 3188 --- [restartedMain] c.x.c.CustomWebMvcConfigurerAdapter      : CustomWebMvcConfigurerAdapter.addInterceptors()
2017-08-21 12:30:24.137  INFO 3188 --- [restartedMain] s.w.s.m.m.a.RequestMappingHandlerMapping : Mapped "{[/index],methods=[GET]}" onto public java.lang.String com.xmy.controller.IndexController.index(javax.servlet.http.HttpServletRequest)
2017-08-21 12:30:24.141  INFO 3188 --- [restartedMain] s.w.s.m.m.a.RequestMappingHandlerMapping : Mapped "{[/error]}" onto public org.springframework.http.ResponseEntity<java.util.Map<java.lang.String, java.lang.Object>> org.springframework.boot.autoconfigure.web.BasicErrorController.error(javax.servlet.http.HttpServletRequest)
2017-08-21 12:30:24.141  INFO 3188 --- [restartedMain] s.w.s.m.m.a.RequestMappingHandlerMapping : Mapped "{[/error],produces=[text/html]}" onto public org.springframework.web.servlet.ModelAndView org.springframework.boot.autoconfigure.web.BasicErrorController.errorHtml(javax.servlet.http.HttpServletRequest,javax.servlet.http.HttpServletResponse)
2017-08-21 12:30:24.163  INFO 3188 --- [restartedMain] o.s.w.s.handler.SimpleUrlHandlerMapping  : Mapped URL path [/webjars/**] onto handler of type [class org.springframework.web.servlet.resource.ResourceHttpRequestHandler]
2017-08-21 12:30:24.163  INFO 3188 --- [restartedMain] o.s.w.s.handler.SimpleUrlHandlerMapping  : Mapped URL path [/**] onto handler of type [class org.springframework.web.servlet.resource.ResourceHttpRequestHandler]
2017-08-21 12:30:24.194  INFO 3188 --- [restartedMain] o.s.w.s.handler.SimpleUrlHandlerMapping  : Mapped URL path [/**/favicon.ico] onto handler of type [class org.springframework.web.servlet.resource.ResourceHttpRequestHandler]
2017-08-21 12:30:25.078  WARN 3188 --- [restartedMain] o.s.b.d.a.OptionalLiveReloadServer       : Unable to start LiveReload server
2017-08-21 12:30:25.123  INFO 3188 --- [restartedMain] o.s.j.e.a.AnnotationMBeanExporter        : Registering beans for JMX exposure on startup
2017-08-21 12:30:25.173  INFO 3188 --- [restartedMain] s.b.c.e.t.TomcatEmbeddedServletContainer : Tomcat started on port(s): 8082 (http)
2017-08-21 12:30:25.180  INFO 3188 --- [restartedMain] com.xmy.InventorSystemApplication        : Started InventorSystemApplication in 3.7 seconds (JVM running for 4.029)
2017-08-21 12:31:59.693  INFO 3188 --- [http-nio-8082-exec-1] o.a.c.c.C.[Tomcat].[localhost].[/]       : Initializing Spring FrameworkServlet 'dispatcherServlet'
2017-08-21 12:31:59.693  INFO 3188 --- [http-nio-8082-exec-1] o.s.web.servlet.DispatcherServlet        : FrameworkServlet 'dispatcherServlet': initialization started
2017-08-21 12:31:59.705  INFO 3188 --- [http-nio-8082-exec-1] o.s.web.servlet.DispatcherServlet        : FrameworkServlet 'dispatcherServlet': initialization completed in 12 ms
2017-08-21 12:31:59.717 DEBUG 3188 --- [http-nio-8082-exec-1] c.xmy.interceptor.SSOTockenInterceptor   : SSOTockenInterceptor.preHandle()...
2017-08-21 12:31:59.729 DEBUG 3188 --- [http-nio-8082-exec-1] c.xmy.interceptor.SSOTockenInterceptor   : SSOTockenInterceptor.postHandle()...
2017-08-21 12:31:59.734 DEBUG 3188 --- [http-nio-8082-exec-1] c.xmy.interceptor.SSOTockenInterceptor   : SSOTockenInterceptor.afterCompletion()...
2017-08-21 13:37:57.456 DEBUG 3188 --- [http-nio-8082-exec-10] c.xmy.interceptor.SSOTockenInterceptor   : SSOTockenInterceptor.preHandle()...
2017-08-21 13:37:57.458 DEBUG 3188 --- [http-nio-8082-exec-10] c.xmy.interceptor.SSOTockenInterceptor   : SSOTockenInterceptor.postHandle()...
2017-08-21 13:37:57.543 DEBUG 3188 --- [http-nio-8082-exec-10] c.xmy.interceptor.SSOTockenInterceptor   : SSOTockenInterceptor.afterCompletion()...
2017-08-21 13:38:56.061  INFO 5768 --- [restartedMain] com.xmy.InventorSystemApplication        : Starting InventorSystemApplication on xmy-PC with PID 5768 (D:\MavenProject\InventorSystem\target\classes started by xmy in D:\MavenProject\InventorSystem)
2017-08-21 13:38:56.062 DEBUG 5768 --- [restartedMain] com.xmy.InventorSystemApplication        : Running with Spring Boot v1.5.6.RELEASE, Spring v4.3.10.RELEASE
2017-08-21 13:38:56.063  INFO 5768 --- [restartedMain] com.xmy.InventorSystemApplication        : No active profile set, falling back to default profiles: default
2017-08-21 13:38:56.267  INFO 5768 --- [restartedMain] ationConfigEmbeddedWebApplicationContext : Refreshing org.springframework.boot.context.embedded.AnnotationConfigEmbeddedWebApplicationContext@1f9a202b: startup date [Mon Aug 21 13:38:56 CST 2017]; root of context hierarchy
2017-08-21 13:38:56.949  WARN 5768 --- [restartedMain] o.m.s.mapper.ClassPathMapperScanner      : No MyBatis mapper was found in '[com.xmy]' package. Please check your configuration.
2017-08-21 13:38:56.986  INFO 5768 --- [restartedMain] .s.d.r.c.RepositoryConfigurationDelegate : Multiple Spring Data modules found, entering strict repository configuration mode!
2017-08-21 13:38:57.948  INFO 5768 --- [restartedMain] s.b.c.e.t.TomcatEmbeddedServletContainer : Tomcat initialized with port(s): 8082 (http)
2017-08-21 13:38:57.957  INFO 5768 --- [restartedMain] o.apache.catalina.core.StandardService   : Starting service [Tomcat]
2017-08-21 13:38:57.958  INFO 5768 --- [restartedMain] org.apache.catalina.core.StandardEngine  : Starting Servlet Engine: Apache Tomcat/8.5.16
2017-08-21 13:38:58.038  INFO 5768 --- [localhost-startStop-1] o.a.c.c.C.[Tomcat].[localhost].[/]       : Initializing Spring embedded WebApplicationContext
2017-08-21 13:38:58.038  INFO 5768 --- [localhost-startStop-1] o.s.web.context.ContextLoader            : Root WebApplicationContext: initialization completed in 1773 ms
2017-08-21 13:38:58.153  INFO 5768 --- [localhost-startStop-1] o.s.b.w.servlet.ServletRegistrationBean  : Mapping servlet: 'dispatcherServlet' to [/]
2017-08-21 13:38:58.156  INFO 5768 --- [localhost-startStop-1] o.s.b.w.servlet.FilterRegistrationBean   : Mapping filter: 'characterEncodingFilter' to: [/*]
2017-08-21 13:38:58.157  INFO 5768 --- [localhost-startStop-1] o.s.b.w.servlet.FilterRegistrationBean   : Mapping filter: 'hiddenHttpMethodFilter' to: [/*]
2017-08-21 13:38:58.157  INFO 5768 --- [localhost-startStop-1] o.s.b.w.servlet.FilterRegistrationBean   : Mapping filter: 'httpPutFormContentFilter' to: [/*]
2017-08-21 13:38:58.157  INFO 5768 --- [localhost-startStop-1] o.s.b.w.servlet.FilterRegistrationBean   : Mapping filter: 'requestContextFilter' to: [/*]
2017-08-21 13:38:58.467  INFO 5768 --- [restartedMain] s.w.s.m.m.a.RequestMappingHandlerAdapter : Looking for @ControllerAdvice: org.springframework.boot.context.embedded.AnnotationConfigEmbeddedWebApplicationContext@1f9a202b: startup date [Mon Aug 21 13:38:56 CST 2017]; root of context hierarchy
2017-08-21 13:38:58.497 DEBUG 5768 --- [restartedMain] c.x.c.CustomWebMvcConfigurerAdapter      : CustomWebMvcConfigurerAdapter.addInterceptors()
2017-08-21 13:38:58.526  INFO 5768 --- [restartedMain] s.w.s.m.m.a.RequestMappingHandlerMapping : Mapped "{[/index],methods=[GET]}" onto public java.lang.String com.xmy.controller.IndexController.index(javax.servlet.http.HttpServletRequest)
2017-08-21 13:38:58.530  INFO 5768 --- [restartedMain] s.w.s.m.m.a.RequestMappingHandlerMapping : Mapped "{[/error]}" onto public org.springframework.http.ResponseEntity<java.util.Map<java.lang.String, java.lang.Object>> org.springframework.boot.autoconfigure.web.BasicErrorController.error(javax.servlet.http.HttpServletRequest)
2017-08-21 13:38:58.532  INFO 5768 --- [restartedMain] s.w.s.m.m.a.RequestMappingHandlerMapping : Mapped "{[/error],produces=[text/html]}" onto public org.springframework.web.servlet.ModelAndView org.springframework.boot.autoconfigure.web.BasicErrorController.errorHtml(javax.servlet.http.HttpServletRequest,javax.servlet.http.HttpServletResponse)
2017-08-21 13:38:58.555  INFO 5768 --- [restartedMain] o.s.w.s.handler.SimpleUrlHandlerMapping  : Mapped URL path [/webjars/**] onto handler of type [class org.springframework.web.servlet.resource.ResourceHttpRequestHandler]
2017-08-21 13:38:58.556  INFO 5768 --- [restartedMain] o.s.w.s.handler.SimpleUrlHandlerMapping  : Mapped URL path [/**] onto handler of type [class org.springframework.web.servlet.resource.ResourceHttpRequestHandler]
2017-08-21 13:38:58.588  INFO 5768 --- [restartedMain] o.s.w.s.handler.SimpleUrlHandlerMapping  : Mapped URL path [/**/favicon.ico] onto handler of type [class org.springframework.web.servlet.resource.ResourceHttpRequestHandler]
2017-08-21 13:38:59.500  WARN 5768 --- [restartedMain] o.s.b.d.a.OptionalLiveReloadServer       : Unable to start LiveReload server
2017-08-21 13:38:59.540  INFO 5768 --- [restartedMain] o.s.j.e.a.AnnotationMBeanExporter        : Registering beans for JMX exposure on startup
2017-08-21 13:38:59.586  INFO 5768 --- [restartedMain] s.b.c.e.t.TomcatEmbeddedServletContainer : Tomcat started on port(s): 8082 (http)
2017-08-21 13:38:59.592  INFO 5768 --- [restartedMain] com.xmy.InventorSystemApplication        : Started InventorSystemApplication in 3.736 seconds (JVM running for 4.062)
2017-08-21 13:39:07.002  INFO 5768 --- [http-nio-8082-exec-2] o.a.c.c.C.[Tomcat].[localhost].[/]       : Initializing Spring FrameworkServlet 'dispatcherServlet'
2017-08-21 13:39:07.003  INFO 5768 --- [http-nio-8082-exec-2] o.s.web.servlet.DispatcherServlet        : FrameworkServlet 'dispatcherServlet': initialization started
2017-08-21 13:39:07.018  INFO 5768 --- [http-nio-8082-exec-2] o.s.web.servlet.DispatcherServlet        : FrameworkServlet 'dispatcherServlet': initialization completed in 15 ms
2017-08-21 13:39:07.030 DEBUG 5768 --- [http-nio-8082-exec-2] c.xmy.interceptor.SSOTockenInterceptor   : SSOTockenInterceptor.preHandle()...
2017-08-21 13:39:07.041 DEBUG 5768 --- [http-nio-8082-exec-2] c.xmy.interceptor.SSOTockenInterceptor   : SSOTockenInterceptor.postHandle()...
2017-08-21 13:39:07.044 DEBUG 5768 --- [http-nio-8082-exec-2] c.xmy.interceptor.SSOTockenInterceptor   : SSOTockenInterceptor.afterCompletion()...
2017-08-21 13:39:20.933 DEBUG 5768 --- [http-nio-8082-exec-5] c.xmy.interceptor.SSOTockenInterceptor   : SSOTockenInterceptor.preHandle()...
2017-08-21 13:39:20.949 DEBUG 5768 --- [http-nio-8082-exec-5] c.xmy.interceptor.SSOTockenInterceptor   : SSOTockenInterceptor.postHandle()...
2017-08-21 13:39:21.037 DEBUG 5768 --- [http-nio-8082-exec-5] c.xmy.interceptor.SSOTockenInterceptor   : SSOTockenInterceptor.afterCompletion()...
